[2026-05-25 12:22:57] 开始执行论文搜索任务
搜索关键词: ISAC
搜索日期范围: 2026-05-24
正在获取论文...
arXiv 请求失败: HTTPSConnectionPool(host='export.arxiv.org', port=443): Max retries exceeded with url: /api/query?search_query=lastUpdatedDate%3A%5B202605240000+TO+202605242359%5D&sortBy=relevance&sortOrder=descending&max_results=100 (Caused by ReadTimeoutError("HTTPSConnectionPool(host='export.arxiv.org', port=443): Read timed out. (read timeout=20)"))
[ACM] 2026-5-25 | Advisory Today, Co-decisive Tomorrow? Complementing the Participation Ladder in Smart City Innovation with Institutional Learning Perspectives
[ACM] 2026-5-25 | Uncovering Hidden Inequalities through Participatory Service Design: Institutional Service Failure in Public Employment Services
[ACM] 2026-5-25 | Participatory Design Back to its Political Roots : Insights from the Full Papers
[ACM] 2026-5-25 | ‘It's not only my Issue, but also a Community Issue’: an Atlas of Design Actions for Commoning Flood Adaptation
[ACM] 2026-5-25 | Mediating Digital Security: Participatory Learning with Older Adults in Smartphone Café Sessions
[ACM] 2026-5-25 | Proceedings of the 19th Participatory Design Conference 2026, Vol. 1: Full Papers
[ACM] 2026-5-25 | Participating in Designing Sustainable Futures: The Challenges of Imagination and Envisioning
[ACM] 2026-5-25 | Hearing Materials, Feeling Participation, Caring for Personhood: Situated Lessons from Participatory Design with Nonverbal Participants
[ACM] 2026-5-25 | Enacting Utopias: A Participatory Design Approach to AI
[ACM] 2026-5-25 | Participatory Design through the Lenses of Women Architects and Designers
[ACM] 2026-5-25 | Two-Way Co-Design: Learnings from the Solid Lines project
[ACM] 2026-5-25 | Framing the conversation on Democracy and Participation along six structural gaps to reach democratic resilience
[ACM] 2026-5-25 | Resettlement Work: Accounting for the Invisible Work of Refugee Community Health Workers
[ACM] 2026-5-25 | Towards Multispecies Participation in More-than-human Worlds
[ACM] 2026-5-25 | Reframing Participation: Inclusion and Democracy in Participatory Design
[ACM] 2026-5-25 | REVERSELAB. Reclaiming Space and Relations in Prison through Art and Participation
[ACM] 2026-5-25 | Situated Relational Designing: Re-Discovering Relational Fragments towards Pluriversal Contact Zones by Examining Nordic Mythology
[ACM] 2026-5-25 | Queer, Hybrid Participatory Design: Relational Practices and Norms for Coalition Building with Rural, LGBTQ+ Communities
[ACM] 2026-5-25 | A2SPM: A Memory Access Acceleration for Neuromorphic Processing with the SPM
[ACM] 2026-5-25 | Understanding the Role of Future Visions as Infrastructure for Sustainable Living
[ACM] 2026-5-25 | Watermarking for Model Ownership Verification:Invisible at Deployment, Activated by Updates
[ACM] 2026-5-25 | Near Optimal Alphabet-Soundness Tradeoff PCPs
[ACM] 2026-5-25 | Designing for Living Together
[ACM] 2026-5-25 | Rethinking Participatory Design as a Political and Pluralistic Practice. Agonistic Coexistence in Prison.
[ACM] 2026-5-25 | Wisdom in the Loop - Human-Centered AI and African Knowledge Systems in HCI
[ACM] 2026-5-25 | Creating a University-based Accessible Makerspace for Use by Local Community Members through Participatory Design Workshops
[ACM] 2026-5-25 | Participants on Participation
[ACM] 2026-5-25 | PCB-QA: A Task-Specific Question Answering Framework for Text-Centric Chip Datasheet Queries in PCB Design
[ACM] 2026-5-25 | Making Policy Work: Navigating Organisational Inertia Through Participatory Design
[ACM] 2026-5-25 | Theatre of the Tech-Oppressed: Exploring Algorithmic Injustice Through Participatory Performances
[ACM] 2026-5-25 | Agentic PD: Rethinking Participatory Design through a Transformative Agency Lens
[ACM] 2026-5-25 | Designing Responsible AI with Indigenous Communities: Towards Participatory AI with ovaHimba and San People in Namibia
[ACM] 2026-5-25 | Infrastructuring and Place
[ACM] 2026-5-25 | Weaving Peace in a World of Conflict: Conversations about Participatory Design
[ACM] 2026-5-25 | Recollecting with Collectives towards Coexistence: A Theoretical Framework for Participatory Design in Times of Climate Crises
[ACM] 2026-5-25 | From Control to Co-Evolution: Rethinking Participation in Bio-Inclusive Design
[ACM] 2026-5-25 | Infrastructuring Participatory Scaffolds with People with Profound Intellectual Disabilities in Community Gallery
[ACM] 2026-5-25 | Frames of Participation: Design as Enquiry in Exploring Technological Futures of Emergency Care
[ACM] 2026-5-25 | Digesting Östersjön Data
[ACM] 2026-5-25 | Where Wombats Dominate and Humans Accommodate: Recasting Design as Situated Response-ability in More-than-Human Worlds
[ACM] 2026-5-25 | Encountering, Engaging with and Nurturing Relations in PD Processes - An Explorative Approach to Relational Work and Reflexivity
[ACM] 2026-5-25 | Participation and the Troubles with Intelligence
[ACM] 2026-5-25 | Rebuilding Place, Reframing Identity: Participatory Visual and Environmental Tools for Intercultural and Marginalised Communities
[ACM] 2026-5-25 | Participatory Design for Intergenerational Dialogue: How the Voice® Model Can Foster a Longevity Society in the Italian Context
[ACM] 2026-5-25 | Designing Community Trust through Collective Intergenerational Memory Sharing
[ACM] 2026-5-25 | Imagination, Reflexivity and Agency in Institutional Change and Public Policy
[ACM] 2026-5-25 | Dreaming with MAKOTO: Co-Designing an "Older Adult" Voice Assistant Intervention for Implicit Ageism
[ACM] 2026-5-25 | Knowledge Infrastructuring in the Large-Scale: Sparring Partners and Reflective Spaces in Participatory Design
[ACM] 2026-5-25 | What counts - Thinkering with Visual Mapping Toward Relational More than Human Temporality in Participatory Design
[ACM] 2026-5-25 | Hizca, a Critical Video Game and Indigenous Co-creation.
[ACM] 2026-5-25 | DDialogue: A Collaborative Framework for Cross-Sectoral Dialogue through Data
[ACM] 2026-5-25 | Equitable and Inclusive PD for Public Services: Using Shared Reflexivity to Unpack Enablers and Limitations
共写入 52 条记录，保存到 papers/paper2026-05-24.json。
论文获取成功，文件路径: papers/paper2026-05-24.json
正在筛选、翻译并发送邮件...
[NO] 1/52 | Advisory Today, Co-decisive Tomorrow? Complementing the Participation Ladder in Smart City Innovation with Institutional Learning Perspectives
[NO] 2/52 | Uncovering Hidden Inequalities through Participatory Service Design: Institutional Service Failure in Public Employment Services
[NO] 3/52 | Participatory Design Back to its Political Roots : Insights from the Full Papers
[NO] 4/52 | ‘It's not only my Issue, but also a Community Issue’: an Atlas of Design Actions for Commoning Flood Adaptation
[NO] 5/52 | Mediating Digital Security: Participatory Learning with Older Adults in Smartphone Café Sessions
[NO] 6/52 | Proceedings of the 19th Participatory Design Conference 2026, Vol. 1: Full Papers
[NO] 7/52 | Participating in Designing Sustainable Futures: The Challenges of Imagination and Envisioning
[NO] 8/52 | Hearing Materials, Feeling Participation, Caring for Personhood: Situated Lessons from Participatory Design with Nonverbal Participants
[NO] 9/52 | Enacting Utopias: A Participatory Design Approach to AI
[NO] 10/52 | Participatory Design through the Lenses of Women Architects and Designers
[NO] 11/52 | Two-Way Co-Design: Learnings from the Solid Lines project
[NO] 12/52 | Framing the conversation on Democracy and Participation along six structural gaps to reach democratic resilience
[NO] 13/52 | Resettlement Work: Accounting for the Invisible Work of Refugee Community Health Workers
[NO] 14/52 | Towards Multispecies Participation in More-than-human Worlds
[NO] 15/52 | Reframing Participation: Inclusion and Democracy in Participatory Design
[NO] 16/52 | REVERSELAB. Reclaiming Space and Relations in Prison through Art and Participation
[NO] 17/52 | Situated Relational Designing: Re-Discovering Relational Fragments towards Pluriversal Contact Zones by Examining Nordic Mythology
[NO] 18/52 | Queer, Hybrid Participatory Design: Relational Practices and Norms for Coalition Building with Rural, LGBTQ+ Communities
[NO] 19/52 | A2SPM: A Memory Access Acceleration for Neuromorphic Processing with the SPM
[NO] 20/52 | Understanding the Role of Future Visions as Infrastructure for Sustainable Living
[NO] 21/52 | Watermarking for Model Ownership Verification:Invisible at Deployment, Activated by Updates
[NO] 22/52 | Near Optimal Alphabet-Soundness Tradeoff PCPs
[NO] 23/52 | Designing for Living Together
[NO] 24/52 | Rethinking Participatory Design as a Political and Pluralistic Practice. Agonistic Coexistence in Prison.
[NO] 25/52 | Wisdom in the Loop - Human-Centered AI and African Knowledge Systems in HCI
[NO] 26/52 | Creating a University-based Accessible Makerspace for Use by Local Community Members through Participatory Design Workshops
[NO] 27/52 | Participants on Participation
[NO] 28/52 | PCB-QA: A Task-Specific Question Answering Framework for Text-Centric Chip Datasheet Queries in PCB Design
[NO] 29/52 | Making Policy Work: Navigating Organisational Inertia Through Participatory Design
[NO] 30/52 | Theatre of the Tech-Oppressed: Exploring Algorithmic Injustice Through Participatory Performances
[NO] 31/52 | Agentic PD: Rethinking Participatory Design through a Transformative Agency Lens
[NO] 32/52 | Designing Responsible AI with Indigenous Communities: Towards Participatory AI with ovaHimba and San People in Namibia
[NO] 33/52 | Infrastructuring and Place
[NO] 34/52 | Weaving Peace in a World of Conflict: Conversations about Participatory Design
[NO] 35/52 | Recollecting with Collectives towards Coexistence: A Theoretical Framework for Participatory Design in Times of Climate Crises
[NO] 36/52 | From Control to Co-Evolution: Rethinking Participation in Bio-Inclusive Design
[NO] 37/52 | Infrastructuring Participatory Scaffolds with People with Profound Intellectual Disabilities in Community Gallery
[NO] 38/52 | Frames of Participation: Design as Enquiry in Exploring Technological Futures of Emergency Care
[NO] 39/52 | Digesting Östersjön Data
[NO] 40/52 | Where Wombats Dominate and Humans Accommodate: Recasting Design as Situated Response-ability in More-than-Human Worlds
[NO] 41/52 | Encountering, Engaging with and Nurturing Relations in PD Processes - An Explorative Approach to Relational Work and Reflexivity
[NO] 42/52 | Participation and the Troubles with Intelligence
[NO] 43/52 | Rebuilding Place, Reframing Identity: Participatory Visual and Environmental Tools for Intercultural and Marginalised Communities
[NO] 44/52 | Participatory Design for Intergenerational Dialogue: How the Voice® Model Can Foster a Longevity Society in the Italian Context
[NO] 45/52 | Designing Community Trust through Collective Intergenerational Memory Sharing
[NO] 46/52 | Imagination, Reflexivity and Agency in Institutional Change and Public Policy
[NO] 47/52 | Dreaming with MAKOTO: Co-Designing an "Older Adult" Voice Assistant Intervention for Implicit Ageism
[NO] 48/52 | Knowledge Infrastructuring in the Large-Scale: Sparring Partners and Reflective Spaces in Participatory Design
[NO] 49/52 | What counts - Thinkering with Visual Mapping Toward Relational More than Human Temporality in Participatory Design
[NO] 50/52 | Hizca, a Critical Video Game and Indigenous Co-creation.
[NO] 51/52 | DDialogue: A Collaborative Framework for Cross-Sectoral Dialogue through Data
[NO] 52/52 | Equitable and Inclusive PD for Public Services: Using Shared Reflexivity to Unpack Enablers and Limitations
筛选完成：共 52 篇；Yes = 0 篇；已保存到 papers/select_paper2026-05-24.json。
邮件发送成功！
[2026-05-25 12:40:06] 任务执行成功！
