[2026-05-13 11:27:18] 开始执行论文搜索任务
搜索关键词: ISAC
搜索日期范围: 2026-05-12
正在获取论文...
arXiv 请求失败: HTTPSConnectionPool(host='export.arxiv.org', port=443): Max retries exceeded with url: /api/query?search_query=lastUpdatedDate%3A%5B202605120000+TO+202605122359%5D&sortBy=relevance&sortOrder=descending&max_results=100 (Caused by ResponseError('too many 429 error responses'))
[IEEE] 2026-5-12 | A CNN-Based CMBFM for Rapid Analysis of Electromagnetic Scattering from Planar Arrays with Randomly Distributed Cells
[IEEE] 2026-5-12 | PEMTRS: Perception-Enhanced Memory with Temporal Region Selection for Vision-Based Multirotor Navigation
[IEEE] 2026-5-12 | Geranium: Multimodal Retrieval of Genomics Data Visualizations_supp2-3683429.pdf
[IEEE] 2026-5-12 | Cross-Market Entry of Gig Platforms under Shared Labor
[IEEE] 2026-5-12 | Semi-Supervised Vehicle Monitoring Framework Employing Distributed Acoustic Sensing towards Real-World Settings
[IEEE] 2026-5-12 | SemiSFL: A Novel Semi-Supervised Split Federated Learning System for Efficient Training with Non-IID Data
[IEEE] 2026-5-12 | Bandwidth Allocation Design for Self-Tuning Disturbance Rejection PID Control: Multivariable Extremum Seeking Approach
[IEEE] 2026-5-12 | Resilient Consensus Control With Adjustable Transient Performances for Uncertain MASs Under DoS Attacks
[IEEE] 2026-5-12 | Series-Fed Patch Array with Dual-Circularly-Polarized 2D Tracking and Polarimetry Functionality
[IEEE] 2026-5-12 | Improved Modeling of Quasi-Static Thermal and Optical Response of Lumped-Element Aluminum Manganese KIDs
[IEEE] 2026-5-12 | Deep Learning for Glioblastoma MRI Segmentation and Classification: A Structured Review of CNN-Based and Hybrid Architectures
[IEEE] 2026-5-12 | Real-Time eBPF/XDP-based Deep Learning Framework for Anomaly Traffic Detection in IoT Networks
[IEEE] 2026-5-12 | DyCVDA: Dynamical and Canonical Variate Dissimilarity Analysis based Fault Detection for Blast Furnace Ironmaking Process
[IEEE] 2026-5-12 | ϵ-Nash Equilibrium Model Predictive Control for Takagi–Sugeno Fuzzy Multi-Agent Systems: A Finite-Horizon Noncooperative Game Approach
[IEEE] 2026-5-12 | FairPromote: Explainable and Fairness-Aware Talent Promotion Prediction via Adversarial Debiasing and SHAP-based Interpretation
[IEEE] 2026-5-12 | 2026 Open Conference of Electrical, Electronic and Information Sciences (eStream)
[IEEE] 2026-5-12 | Ferroelectric Polarization Effect on Charge Trapping in HfO
                    <sub>2</sub>
                    FeFETs Examined via Random Telegraph Noise
[IEEE] 2026-5-12 | A Novel ROGI-PNSS Flux Observer Based Sensorless Control for PMSM Considering Negative-Sequence Disturbance
[IEEE] 2026-5-12 | Safe and Reliable Diffusion Models via Subspace Projection
[ACM] 2026-5-12 | Proceedings of the Data Management for End-to-End Machine Learning
[ACM] 2026-5-12 | ImMTDiff: A Diffusion Model-Based Anomaly Detection Method for Industrial Control Systems
[ACM] 2026-5-12 | Adaptive Thresholding Strategies for Performance-Aware Client Selection in Federated Learning
[ACM] 2026-5-12 | A Systematic Explainable AI (XAI) Rule Translational Methodology for DDOS Detection
[ACM] 2026-5-12 | KPI-Adaptive Reinforcement Learning for Handover Optimization in Ultra-Dense 5G Networks
[ACM] 2026-5-12 | Bridging Social Work and Robotics: A Collaborative Service Framework for Smart Eldercare with IoT Integration
[ACM] 2026-5-12 | A Method of Excel Report Generating Based on ActiveX in LabVIEW
[ACM] 2026-5-12 | Research on the Construction of an Industrial Design Talent Training System for AI-Assisted Digital Prototype Iteration*
[ACM] 2026-5-12 | DPU-Net for Privacy-Preserving Speech Enhancement: Dual-Path Modeling With Cross-Attention
[ACM] 2026-5-12 | Invasive Liver Cancer Recognition via Adaptive Transfer Learning
[ACM] 2026-5-12 | Time-Course Effect of Simulated Microgravity on Cognition and Neurovascular Changes in Elderly Mice
[ACM] 2026-5-12 | Explainable AI-Assisted Triage in Emergency Departments Using Multi-Modal Clinical Data
[ACM] 2026-5-12 | Design and Implementation of An Educational Institution Curriculum Management System Based on Django
[ACM] 2026-5-13 | Development of interdigital electrodes for detecting skin impedance
[ACM] 2026-5-13 | Implementation of a Fast-Track Total Hip Replacement Pathway Using the M.A.S.T.E.R. Framework: A Multidisciplinary Quality Improvement Initiative
[ACM] 2026-5-13 | Statistical Modeling of MAternal and Child Health Outcomes in the Philippines:Assessing Socioeconomics and Environmental Determinants of Facilitry-Based Delivery
[IEEE] 2026-5-12 | OptiEmpower-LSTM: An Optimized Long Short-Term Memory Network for Longitudinal Analysis of Educational and Employment Growth
[IEEE] 2026-5-12 | Deep Anomaly Identification for Unattended Photovoltaic Monitoring Streams via Drift-Aware Representation Learning
[IEEE] 2026-5-12 | Multivariate Evaluation of the Free Higher Education Program Employing NLP-based Text Mining Techniques
[IEEE] 2026-5-12 | Pixel-Wise Reference Voting-Based Optimization for VVC Intra Coding
[IEEE] 2026-5-12 | Design of Intelligent Algorithms for Optimized Dispatch of Renewable Energy Sources
[IEEE] 2026-5-12 | A Review on Deep Learning-Based Models for Traffic Sign Recognition
[IEEE] 2026-5-12 | An MRI-based Alzheimer's Disease Classification Model with DiNAT
[IEEE] 2026-5-12 | Sketch-Guided 3D Tree Voxel Generation Using Latent Diffusion Model
[IEEE] 2026-5-12 | Modified InceptionV3 Framework for Automatic Tomato Leaf Disease Recognition
[IEEE] 2026-5-12 | Smart Food Recognition and Nutrition Estimation using Computer Vision
[IEEE] 2026-5-12 | Automated Sentiment Analysis of Hindi Text using Machine Learning Techniques
[IEEE] 2026-5-12 | Intelligent Assessment of Rehabilitation Outcomes in Substance Abuse Patients using Advanced Machine Learning Algorithms
[IEEE] 2026-5-12 | Resource-Constrained Intelligent Scheduling of Agricultural Irrigation Systems using Artificial Intelligence for Sustainable Water Management
[IEEE] 2026-5-12 | GAN-Enhanced Deformable Deep Learning Architecture for Accurate Spine Abnormality Detection
[IEEE] 2026-5-12 | Artificial Neural Network-based CVD Detection and Classification using ECG Signal Image Analysis
[IEEE] 2026-5-12 | Cloud Supply Chain Optimization using AI-driven Forecasting
[ACM] 2026-5-13 | Modeling and Implementation of a Digital Twin System for CNC Machine Tools
[IEEE] 2026-5-12 | Design and Implementation of Secure Student Portal Using Cryptographic Security Services
[IEEE] 2026-5-12 | Symptom-based Brain Stroke Risk Prediction using Ensemble and Gradient Boosting Models
[IEEE] 2026-5-12 | A Hybrid ICA–Spectral Scoring Framework for Robust Non-Invasive Fetal ECG Extraction
[IEEE] 2026-5-12 | Fine-Tuning EfficientViT-SAM for Tree Segmentation in Street-View Imagery
[IEEE] 2026-5-12 | High Gain SRR Loaded Terahertz Patch Antenna for Cancer Cell Detection
[IEEE] 2026-5-12 | AI-Based Early Crop Disease Prediction and Preventive Solution System Using Environmental Sensor Data
[IEEE] 2026-5-12 | Accuracy and Power Optimised Adaptive MAC Unit on FPGA Leveraging Goldschmidt Division and Mitchell Multipliers
[IEEE] 2026-5-12 | AI-Driven Cybersecurity: Enhancing Threat Detection and Response
[ACM] 2026-5-13 | Fat Block: Narrowing the Boundary of pWCET Analysis on GPU
[ACM] 2026-5-13 | Mobility-Aware Adaptive Access Protocol: A Cross-Layer Framework with Predictive Backoff Optimization for UAV Ad-Hoc Networks
[ACM] 2026-5-12 | Hate Speech Detection and Classification in Devanagari Nepali and English YouTube Comments
[ACM] 2026-5-12 | Visual Analysis of the Application of Foreign Virtual Simulation Technology in Nursing Practice Teaching Over the Past Decade Based on Citespace
[ACM] 2026-5-12 | Automatic Recognition and Bilingual Alignment of Intangible Cultural Heritage Terminology Using Transformer-CRF Hybrid Model
[ACM] 2026-5-12 | Engineering a Safe and Explainable ML-Based Insulin Recommender for Clinical Deployment
[ACM] 2026-5-12 | Unsupervised Drug-Likeness Prediction via Graph Neural Networks
[ACM] 2026-5-12 | WebLMigrate: An Automated Script Migration Approach for Web User Interfaces Based on Large Language Model
[ACM] 2026-5-12 | Proceedings of the 2026 6th International Conference on Computer Network Security and Software Engineering
[ACM] 2026-5-12 | Lightweight Deep Learning for Real-Time Multi-Task Analysis of Upper Endoscopic Videos
[ACM] 2026-5-12 | Nonlinear Analysis of Heart Rate Variability Time Series of Young Subjects During Physical Activity
[ACM] 2026-5-12 | Optimizing Medical Record Data for Improved Diagnosis Utilizing Large Language Models Gemma 3 to improve Health Disease Care
[IEEE] 2026-5-12 | Orthogonal Approximate Message Passing for Double Linear Transformation Model
[IEEE] 2026-5-12 | Prior Knowledge-Guided Active Learning Network for Multi-Source Partial Discharge Diagnosis in Gas-Insulated Switchgear
[IEEE] 2026-5-12 | A Finite-Difference Time-Domain Approach for Conformal Electromagnetic-Thermal Coupled Analysis
[IEEE] 2026-5-12 | Three-Phase Hybrid Rectifier with Symmetric DC-bus for More Electric Aircrafts: Design and Validation using Controller Hardware-in-the-Loop
[IEEE] 2026-5-12 | Two-Port Quasi-Reflectionless Microwave Linear-Displacement Sensor Using a Balanced-Circuit Architecture
[IEEE] 2026-5-12 | Table of Contents
[IEEE] 2026-5-12 | Vibration Damping in Underactuated Cable-Suspended Artwork: Flying Belt Motion Control
[IEEE] 2026-5-12 | FSMamba: A Frequency-Enhanced Spatial-Temporal Mamba Network for Local-Global Remote Sensing Image Change Detection_supp1-3691384.pdf
[IEEE] 2026-5-12 | Service-Oriented Robust Ship Fleet Planning Under Uncertainty_supp1-3689922.docx
[IEEE] 2026-5-12 | FruitTouch: A Perceptive Gripper for Gentle and Scalable Fruit Harvesting
[IEEE] 2026-5-12 | Recall This Gesture? Investigating Gesture Memorability in Extended Reality_supp1-3678203.pdf
[IEEE] 2026-5-12 | Behavior Aware Recovery and Closed Form Fisher Adaptation for Few Shot Electricity Theft Detection
[IEEE] 2026-5-12 | A Fast Differentially Private Distributed Algorithm Over Unbalanced Directed Networks
[IEEE] 2026-5-12 | CrossTrack-UAV: A Real-World Dataset and Baseline for Cross-View Multi-Object Tracking using Fixed-Wing UAVs
[IEEE] 2026-5-12 | Call for Papers for IEEE Engineering Management Review
[IEEE] 2026-5-12 | Enhanced Speed Control of SPMSMs via Physics-Informed Neural Network-Based Active Disturbance Rejection Control
[IEEE] 2026-5-12 | EffcientNetB0-based Deep Learning Approach for Early Plant Disease Detection using Leaf Image Classification
[IEEE] 2026-5-12 | Enhancing Artificial Intelligence in Healthcare, Finance and Smart City Infrastructure: Development with Privacy Preservation using Blockchain-Enabled Federated Learning Frameworks
[IEEE] 2026-5-12 | Design Hybrid System for Secure Cloud Storage based on Advanced Homomorphic Encryption
[IEEE] 2026-5-12 | A Real-Time Pixel-Streaming Architecture for Accurate Fabric Defect Detection
[IEEE] 2026-5-12 | Hierarchical Uncertainty Aware Explainable Hybrid Deep Learning Framework for Credit Default Risk Prediction
[IEEE] 2026-5-12 | AI-Driven Learning Analytics for STEM Education in Primary School Admission
[IEEE] 2026-5-12 | Constraint-Aware Multi-Objective Bayesian Optimization for Physical Connection Parameter Tuning in Brain–Computer Interfaces
[IEEE] 2026-5-12 | Numerical Analysis of Contact Resistivity Thresholds in Crystalline Silicon Solar Cells
[IEEE] 2026-5-12 | Artificial Intelligence in Drug Delivery Systems: A Comprehensive Review
[IEEE] 2026-5-12 | An Integrated Deep Learning and Texture-based Approach for Brain Aneurysm Segmentation and Classification
[IEEE] 2026-5-12 | Zero-Shot Sentiment–Rating Consistency Analysis Using CLIP for Online Reviews
[IEEE] 2026-5-12 | Early Stage Lung Cancer Diagnosis via Hybrid Learning Models on Histological Images
共写入 100 条记录，保存到 papers/paper2026-05-12.json。
论文获取成功，文件路径: papers/paper2026-05-12.json
正在筛选、翻译并发送邮件...
[NO] 1/100 | A CNN-Based CMBFM for Rapid Analysis of Electromagnetic Scattering from Planar Arrays with Randomly Distributed Cells
[NO] 2/100 | PEMTRS: Perception-Enhanced Memory with Temporal Region Selection for Vision-Based Multirotor Navigation
[NO] 3/100 | Geranium: Multimodal Retrieval of Genomics Data Visualizations_supp2-3683429.pdf
[NO] 4/100 | Cross-Market Entry of Gig Platforms under Shared Labor
[NO] 5/100 | Semi-Supervised Vehicle Monitoring Framework Employing Distributed Acoustic Sensing towards Real-World Settings
[NO] 6/100 | SemiSFL: A Novel Semi-Supervised Split Federated Learning System for Efficient Training with Non-IID Data
[NO] 7/100 | Bandwidth Allocation Design for Self-Tuning Disturbance Rejection PID Control: Multivariable Extremum Seeking Approach
[NO] 8/100 | Resilient Consensus Control With Adjustable Transient Performances for Uncertain MASs Under DoS Attacks
[NO] 9/100 | Series-Fed Patch Array with Dual-Circularly-Polarized 2D Tracking and Polarimetry Functionality
[NO] 10/100 | Improved Modeling of Quasi-Static Thermal and Optical Response of Lumped-Element Aluminum Manganese KIDs
[NO] 11/100 | Deep Learning for Glioblastoma MRI Segmentation and Classification: A Structured Review of CNN-Based and Hybrid Architectures
[YES] 12/100 | Real-Time eBPF/XDP-based Deep Learning Framework for Anomaly Traffic Detection in IoT Networks
[NO] 13/100 | DyCVDA: Dynamical and Canonical Variate Dissimilarity Analysis based Fault Detection for Blast Furnace Ironmaking Process
[NO] 14/100 | ϵ-Nash Equilibrium Model Predictive Control for Takagi–Sugeno Fuzzy Multi-Agent Systems: A Finite-Horizon Noncooperative Game Approach
[NO] 15/100 | FairPromote: Explainable and Fairness-Aware Talent Promotion Prediction via Adversarial Debiasing and SHAP-based Interpretation
[NO] 16/100 | 2026 Open Conference of Electrical, Electronic and Information Sciences (eStream)
[NO] 17/100 | Ferroelectric Polarization Effect on Charge Trapping in HfO
                    <sub>2</sub>
                    FeFETs Examined via Random Telegraph Noise
[NO] 18/100 | A Novel ROGI-PNSS Flux Observer Based Sensorless Control for PMSM Considering Negative-Sequence Disturbance
[NO] 19/100 | Safe and Reliable Diffusion Models via Subspace Projection
[NO] 20/100 | Proceedings of the Data Management for End-to-End Machine Learning
[NO] 21/100 | ImMTDiff: A Diffusion Model-Based Anomaly Detection Method for Industrial Control Systems
[NO] 22/100 | Adaptive Thresholding Strategies for Performance-Aware Client Selection in Federated Learning
[NO] 23/100 | A Systematic Explainable AI (XAI) Rule Translational Methodology for DDOS Detection
[NO] 24/100 | KPI-Adaptive Reinforcement Learning for Handover Optimization in Ultra-Dense 5G Networks
[NO] 25/100 | Bridging Social Work and Robotics: A Collaborative Service Framework for Smart Eldercare with IoT Integration
[NO] 26/100 | A Method of Excel Report Generating Based on ActiveX in LabVIEW
[NO] 27/100 | Research on the Construction of an Industrial Design Talent Training System for AI-Assisted Digital Prototype Iteration*
[NO] 28/100 | DPU-Net for Privacy-Preserving Speech Enhancement: Dual-Path Modeling With Cross-Attention
[NO] 29/100 | Invasive Liver Cancer Recognition via Adaptive Transfer Learning
[NO] 30/100 | Time-Course Effect of Simulated Microgravity on Cognition and Neurovascular Changes in Elderly Mice
[NO] 31/100 | Explainable AI-Assisted Triage in Emergency Departments Using Multi-Modal Clinical Data
[NO] 32/100 | Design and Implementation of An Educational Institution Curriculum Management System Based on Django
[NO] 33/100 | Development of interdigital electrodes for detecting skin impedance
[NO] 34/100 | Implementation of a Fast-Track Total Hip Replacement Pathway Using the M.A.S.T.E.R. Framework: A Multidisciplinary Quality Improvement Initiative
[NO] 35/100 | Statistical Modeling of MAternal and Child Health Outcomes in the Philippines:Assessing Socioeconomics and Environmental Determinants of Facilitry-Based Delivery
[NO] 36/100 | OptiEmpower-LSTM: An Optimized Long Short-Term Memory Network for Longitudinal Analysis of Educational and Employment Growth
[NO] 37/100 | Deep Anomaly Identification for Unattended Photovoltaic Monitoring Streams via Drift-Aware Representation Learning
[NO] 38/100 | Multivariate Evaluation of the Free Higher Education Program Employing NLP-based Text Mining Techniques
[NO] 39/100 | Pixel-Wise Reference Voting-Based Optimization for VVC Intra Coding
[NO] 40/100 | Design of Intelligent Algorithms for Optimized Dispatch of Renewable Energy Sources
[NO] 41/100 | A Review on Deep Learning-Based Models for Traffic Sign Recognition
[NO] 42/100 | An MRI-based Alzheimer's Disease Classification Model with DiNAT
[NO] 43/100 | Sketch-Guided 3D Tree Voxel Generation Using Latent Diffusion Model
[NO] 44/100 | Modified InceptionV3 Framework for Automatic Tomato Leaf Disease Recognition
[NO] 45/100 | Smart Food Recognition and Nutrition Estimation using Computer Vision
[NO] 46/100 | Automated Sentiment Analysis of Hindi Text using Machine Learning Techniques
[NO] 47/100 | Intelligent Assessment of Rehabilitation Outcomes in Substance Abuse Patients using Advanced Machine Learning Algorithms
[NO] 48/100 | Resource-Constrained Intelligent Scheduling of Agricultural Irrigation Systems using Artificial Intelligence for Sustainable Water Management
[NO] 49/100 | GAN-Enhanced Deformable Deep Learning Architecture for Accurate Spine Abnormality Detection
[NO] 50/100 | Artificial Neural Network-based CVD Detection and Classification using ECG Signal Image Analysis
[NO] 51/100 | Cloud Supply Chain Optimization using AI-driven Forecasting
[NO] 52/100 | Modeling and Implementation of a Digital Twin System for CNC Machine Tools
[NO] 53/100 | Design and Implementation of Secure Student Portal Using Cryptographic Security Services
[NO] 54/100 | Symptom-based Brain Stroke Risk Prediction using Ensemble and Gradient Boosting Models
[NO] 55/100 | A Hybrid ICA–Spectral Scoring Framework for Robust Non-Invasive Fetal ECG Extraction
[NO] 56/100 | Fine-Tuning EfficientViT-SAM for Tree Segmentation in Street-View Imagery
[NO] 57/100 | High Gain SRR Loaded Terahertz Patch Antenna for Cancer Cell Detection
[NO] 58/100 | AI-Based Early Crop Disease Prediction and Preventive Solution System Using Environmental Sensor Data
[NO] 59/100 | Accuracy and Power Optimised Adaptive MAC Unit on FPGA Leveraging Goldschmidt Division and Mitchell Multipliers
[NO] 60/100 | AI-Driven Cybersecurity: Enhancing Threat Detection and Response
[NO] 61/100 | Fat Block: Narrowing the Boundary of pWCET Analysis on GPU
[YES] 62/100 | Mobility-Aware Adaptive Access Protocol: A Cross-Layer Framework with Predictive Backoff Optimization for UAV Ad-Hoc Networks
[NO] 63/100 | Hate Speech Detection and Classification in Devanagari Nepali and English YouTube Comments
[NO] 64/100 | Visual Analysis of the Application of Foreign Virtual Simulation Technology in Nursing Practice Teaching Over the Past Decade Based on Citespace
[NO] 65/100 | Automatic Recognition and Bilingual Alignment of Intangible Cultural Heritage Terminology Using Transformer-CRF Hybrid Model
[NO] 66/100 | Engineering a Safe and Explainable ML-Based Insulin Recommender for Clinical Deployment
[NO] 67/100 | Unsupervised Drug-Likeness Prediction via Graph Neural Networks
[NO] 68/100 | WebLMigrate: An Automated Script Migration Approach for Web User Interfaces Based on Large Language Model
[NO] 69/100 | Proceedings of the 2026 6th International Conference on Computer Network Security and Software Engineering
[NO] 70/100 | Lightweight Deep Learning for Real-Time Multi-Task Analysis of Upper Endoscopic Videos
[NO] 71/100 | Nonlinear Analysis of Heart Rate Variability Time Series of Young Subjects During Physical Activity
[NO] 72/100 | Optimizing Medical Record Data for Improved Diagnosis Utilizing Large Language Models Gemma 3 to improve Health Disease Care
[NO] 73/100 | Orthogonal Approximate Message Passing for Double Linear Transformation Model
[NO] 74/100 | Prior Knowledge-Guided Active Learning Network for Multi-Source Partial Discharge Diagnosis in Gas-Insulated Switchgear
[NO] 75/100 | A Finite-Difference Time-Domain Approach for Conformal Electromagnetic-Thermal Coupled Analysis
[NO] 76/100 | Three-Phase Hybrid Rectifier with Symmetric DC-bus for More Electric Aircrafts: Design and Validation using Controller Hardware-in-the-Loop
[NO] 77/100 | Two-Port Quasi-Reflectionless Microwave Linear-Displacement Sensor Using a Balanced-Circuit Architecture
[NO] 78/100 | Table of Contents
[NO] 79/100 | Vibration Damping in Underactuated Cable-Suspended Artwork: Flying Belt Motion Control
[NO] 80/100 | FSMamba: A Frequency-Enhanced Spatial-Temporal Mamba Network for Local-Global Remote Sensing Image Change Detection_supp1-3691384.pdf
[NO] 81/100 | Service-Oriented Robust Ship Fleet Planning Under Uncertainty_supp1-3689922.docx
[NO] 82/100 | FruitTouch: A Perceptive Gripper for Gentle and Scalable Fruit Harvesting
[NO] 83/100 | Recall This Gesture? Investigating Gesture Memorability in Extended Reality_supp1-3678203.pdf
[NO] 84/100 | Behavior Aware Recovery and Closed Form Fisher Adaptation for Few Shot Electricity Theft Detection
[NO] 85/100 | A Fast Differentially Private Distributed Algorithm Over Unbalanced Directed Networks
[NO] 86/100 | CrossTrack-UAV: A Real-World Dataset and Baseline for Cross-View Multi-Object Tracking using Fixed-Wing UAVs
[NO] 87/100 | Call for Papers for IEEE Engineering Management Review
[NO] 88/100 | Enhanced Speed Control of SPMSMs via Physics-Informed Neural Network-Based Active Disturbance Rejection Control
[NO] 89/100 | EffcientNetB0-based Deep Learning Approach for Early Plant Disease Detection using Leaf Image Classification
[NO] 90/100 | Enhancing Artificial Intelligence in Healthcare, Finance and Smart City Infrastructure: Development with Privacy Preservation using Blockchain-Enabled Federated Learning Frameworks
[NO] 91/100 | Design Hybrid System for Secure Cloud Storage based on Advanced Homomorphic Encryption
[NO] 92/100 | A Real-Time Pixel-Streaming Architecture for Accurate Fabric Defect Detection
[NO] 93/100 | Hierarchical Uncertainty Aware Explainable Hybrid Deep Learning Framework for Credit Default Risk Prediction
[NO] 94/100 | AI-Driven Learning Analytics for STEM Education in Primary School Admission
[NO] 95/100 | Constraint-Aware Multi-Objective Bayesian Optimization for Physical Connection Parameter Tuning in Brain–Computer Interfaces
[NO] 96/100 | Numerical Analysis of Contact Resistivity Thresholds in Crystalline Silicon Solar Cells
[NO] 97/100 | Artificial Intelligence in Drug Delivery Systems: A Comprehensive Review
[NO] 98/100 | An Integrated Deep Learning and Texture-based Approach for Brain Aneurysm Segmentation and Classification
[NO] 99/100 | Zero-Shot Sentiment–Rating Consistency Analysis Using CLIP for Online Reviews
[NO] 100/100 | Early Stage Lung Cancer Diagnosis via Hybrid Learning Models on Histological Images
筛选完成：共 100 篇；Yes = 2 篇；已保存到 papers/select_paper2026-05-12.json。
邮件发送成功！
[2026-05-13 12:19:35] 任务执行成功！
