[2026-01-04 09:09:31] 开始执行论文搜索任务
搜索关键词: code
搜索日期范围: 2026-01-03
正在获取论文...
[ACM] 2026-1-3 | Ribbon: Fast Succinct Static Retrieval and Approximate Membership
[ACM] 2026-1-3 | Consistency and Invariance Guided Multi-View Hypergraph Learning for Robust Hyperedge Prediction
[ACM] 2026-1-3 | Emotionally Controllable Audio-driven Talking Face Generation
[ACM] 2026-1-3 | Towards More Accurate App Review Response Generation with Fine-Grained Filtering
[ACM] 2026-1-3 | Just-In-Time Quality Assurance with Assistance of Automated Defect Prediction and Code Testing
[ACM] 2026-1-3 | AnaCoMT+: Anatomy-Aware Symmetric Contrast and Cross-Modal Transfer for Brain Tumor Segmentation
[ACM] 2026-1-3 | EvSAM: Segment Anything Model with Event-based Assistance
[ACM] 2026-1-3 | A Subexponential Time Algorithm for Makespan Scheduling of Unit Jobs with Precedence Constraints
[ACM] 2026-1-3 | Cross-modal Full-mode Fine-grained Alignment for Text-to-Image Person Retrieval
[ACM] 2026-1-3 | AI Unplugged: Exploring Pathways from Physical Simulation to Conceptualization of AI Reasoning Processes
[ACM] 2026-1-3 | Exploring Multi-Lingual Bias of Large Code Models in Code Generation
共写入 11 条记录，保存到 papers/paper2026-01-03.json。
论文获取成功，文件路径: papers/paper2026-01-03.json
正在筛选、翻译并发送邮件...
[NO] 1/11 | Ribbon: Fast Succinct Static Retrieval and Approximate Membership
[NO] 2/11 | Consistency and Invariance Guided Multi-View Hypergraph Learning for Robust Hyperedge Prediction
[NO] 3/11 | Emotionally Controllable Audio-driven Talking Face Generation
[NO] 4/11 | Towards More Accurate App Review Response Generation with Fine-Grained Filtering
[YES] 5/11 | Just-In-Time Quality Assurance with Assistance of Automated Defect Prediction and Code Testing
[NO] 6/11 | AnaCoMT+: Anatomy-Aware Symmetric Contrast and Cross-Modal Transfer for Brain Tumor Segmentation
[NO] 7/11 | EvSAM: Segment Anything Model with Event-based Assistance
[NO] 8/11 | A Subexponential Time Algorithm for Makespan Scheduling of Unit Jobs with Precedence Constraints
[NO] 9/11 | Cross-modal Full-mode Fine-grained Alignment for Text-to-Image Person Retrieval
[NO] 10/11 | AI Unplugged: Exploring Pathways from Physical Simulation to Conceptualization of AI Reasoning Processes
[YES] 11/11 | Exploring Multi-Lingual Bias of Large Code Models in Code Generation
筛选完成：共 11 篇；Yes = 2 篇；已保存到 papers/select_paper2026-01-03.json。
邮件发送成功！
[2026-01-04 09:10:33] 任务执行成功！
