[2026-06-11 12:38:42] 开始执行论文搜索任务
搜索关键词: ISAC
搜索日期范围: 2026-06-10
正在获取论文...
arXiv 请求失败: 406 Client Error: Not Acceptable for url: https://export.arxiv.org/api/query?search_query=lastUpdatedDate%3A%5B202606100000+TO+202606102359%5D&sortBy=relevance&sortOrder=descending&max_results=100
[ACM] 2026-6-10 | LAM-MD: A Large Action Model Integrated Multi-Agent Reinforcement Learning Framework for NOMA Networks
[IEEE] 2026-6-10 | Towards Sustainable Smart Cities with AGI-Enabled Cyber-Physical-Social-Thinking Systems: A Comprehensive Review
[IEEE] 2026-6-10 | Table of Contents
[IEEE] 2026-6-10 | A Dual-branch Network with Cross-scale Feature Interaction and Alignment for Weakly Supervised Whole Slide Image Analysis
[IEEE] 2026-6-10 | Cross-Tracer Synthesis Model of
                    <sup>11</sup>
                    C-CFT and
                    <sup>18</sup>
                    F-DOPA PET Images from
                    <sup>18</sup>
                    F-FDG for Parkinson's Disease
[IEEE] 2026-6-10 | Towards Wearable Sensor-based Human Activity Recognition: A Survey
[IEEE] 2026-6-10 | Monitoring Agricultural Transformation and Its Impacts on Water Resources in the Gharb Plain, Morocco, Using Machine Learning and Remote Sensing
[IEEE] 2026-6-10 | Enhancing Stability and Transient Response of LLC Resonant Converters Using a Reduced-Order Model with Pole-Zero Cancellation
[IEEE] 2026-6-10 | Front Cover
[IEEE] 2026-6-10 | Knowledge Graph-based Debiasing for Trustworthy Recommendation Systems
[IEEE] 2026-6-10 | Extremum Seeking With Double Integrators in the Presence of Local Extrema
                    <sup>*</sup>
[IEEE] 2026-6-10 | Copyright Page
[IEEE] 2026-6-10 | Trustworthiness in Connected Autonomous Vehicles: Standards, Tradeoffs With Efficiency and Comfort, and Architectural Choices
[IEEE] 2026-6-10 | Embodied Teaching for Powered Exoskeletons via Variance-Decomposed Impedance Learning
[IEEE] 2026-6-10 | Satellite Optical Remote Sensing of Clouds and Aerosols: From Particle Single-Scattering and Gaseous Absorption Through Radiative Transfer to Retrieval Products
[IEEE] 2026-6-10 | Fault Identification of Transmission Equipment Under Strong Convective Weather of Northeast Cold Vortex Based on Stochastic Configuration Networks
[IEEE] 2026-6-10 | Enhancing Acoustics Education Through Experiential Learning: Implementation of an Impedance Tube for Teaching Sound Absorption in Materials
[IEEE] 2026-6-10 | Enhancing Industrial Engineering Education through LEGO®-Based Simulation: A Hands-On Approach to Teaching Overall Equipment Effectiveness (OEE)
[IEEE] 2026-6-10 | Selection of Meteorological Key Factors and an Interpretable Identification Method for Transmission Tower Collapse Risk under Severe Convective Weather
[IEEE] 2026-6-10 | A Prediction model of wind and photovoltaic joint power considering multiple meteorological characteristics
[IEEE] 2026-6-10 | TransDot: An Area-efficient Reconfigurable Floating-Point Unit for Trans-Precision Dot-Product Accumulation for FPGA AI Engines
[IEEE] 2026-6-10 | Reconfigurable Computing Challenge: Deploying SmolVLA Model on an AMD XDNA NPU
[IEEE] 2026-6-10 | Optimal Configuration Design of DC Collection and Transmission System of Large-Scale Offshore Wind-Solar Power Plant
[IEEE] 2026-6-10 | Multi-Operator Image Resizing Using Saliency-Aware Seam Carving
[IEEE] 2026-6-10 | Effect of Microfocused Ultrasound on the Rheological Properties of Crosslinked Hyaluronic Acid: An In Vitro Study
[IEEE] 2026-6-10 | Bi-level Capacity Planning and Scheduling of Energy Storage Systems via Multi-Fidelity Quantile-Robust Bayesian Optimization
[IEEE] 2026-6-10 | Consumable Qualification and Process Optimization in Oxide CMP via RPM-Driven Recipe Engineering
[IEEE] 2026-6-10 | STI Silicon Etch Process Wafer Uniformity Improvement Using Out-of-Phase Coil Current and Motorized Radial Assembly Dial
[IEEE] 2026-6-10 | AI-Driven Psychoeducational Analytics for Early Detection of Academic Risk in Colombian Schools
[IEEE] 2026-6-10 | Promoting Research Skills in EDUNINE 2026 Doctoral Symposium
[IEEE] 2026-6-10 | Unsupervised Deep Autoencoder-Based Clustering for mining the Metabolic Syndrome
[IEEE] 2026-6-10 | Modeling analysis of thermal and stress behavior of energy storage cabin with sodium ion battery
[IEEE] 2026-6-10 | Transdisciplinarity Between Leadership and Design in a Computer Science Undergraduate PjBL Course
[IEEE] 2026-6-10 | A Novel Framework to Convert Public Source URLs to Cryptographic-Enabled API Key
[IEEE] 2026-6-10 | Comprehensive DC Fault Characterization and Fast-Stabilizing Control Strategy for Bipolar Hybrid Cascaded MTDC Systems
[IEEE] 2026-6-10 | A Multimodal Vision–Language Framework for Yield-Oriented and Explainable Wafer Defect Reasoning
[IEEE] 2026-6-10 | A Non-Invasive Ensemble Learning Approach for the Diagnosis of Pancreatic Cancer
[IEEE] 2026-6-10 | Imputation of Missing Data in IoT Using an MLP Neural Network Optimized by the GOA
[IEEE] 2026-6-10 | Provincial-Level Short-Term Load Forecasting Using TimeXer with TCN and Gated Cross-Attention
[IEEE] 2026-6-10 | Improving Reading Fluency in Elementary Students: The Role of ICT-Based Learning Tools
[IEEE] 2026-6-10 | Combining Design Thinking and Product Development Tools to Promote Innovation in the Classroom
[IEEE] 2026-6-10 | Random Forest-Based Identification of Defect-Causing Steps in Semiconductor WET Processes
[IEEE] 2026-6-10 | Workshop: Fostering Quality Participation and Critical Thinking in Hybrid Classrooms with the Whytson App
[IEEE] 2026-6-10 | Student Perceptions of Usefulness and Ease of Use of a Gamified Learning Platform in STEM Courses
[IEEE] 2026-6-10 | Measuring Changes in Sustainability Knowledge: A Case Study of a Civil Engineering Course
[IEEE] 2026-6-10 | Low-Precision POSIT Arithmetic for Spiking Neural Networks with Kahan Summation
[IEEE] 2026-6-10 | Degradation-Aware Stochastic Sizing of Second-Life Battery Energy Storage System for Microgrids
[IEEE] 2026-6-10 | Multi-objective Optimization Scheduling for Integrated Energy Systems Considering Exergy Efficiency and Stepped Carbon Trading
[IEEE] 2026-6-10 | A Computationally Efficient Hierarchical MPC with Adaptive Horizon for Real-Time Electro-Thermal Control of IGBTs
[IEEE] 2026-6-10 | Intention to Continue Using Information Technology in Accounting Information Systems–The Mediating Role of Information Technology Mindfulness
[IEEE] 2026-6-10 | Integrating AI in Food Engineering Education: Raising Student Competencies in Market Research and Consumer-Driven Product Development
[IEEE] 2026-6-10 | An MLP-Based Multi-Frequency Enhancement Long-term Prediction Model for Multivariate Load Forecasting
[IEEE] 2026-6-10 | Research on Space Power Supply Technology Based on GaN Device
[IEEE] 2026-6-10 | Upgrading LSTM-Attention to a Transformer Decoder for Image Captioning with Object and Visual Features
[IEEE] 2026-6-10 | Interpretable Stacking Ensemble for Photovoltaic Power Forecasting under Extreme Low Irradiance
[IEEE] 2026-6-10 | When Systolic Arrays Meet AI Engines: Architectural Constraints on AMD Versal ACAP
[IEEE] 2026-6-10 | A Study on the Impact of Extraction Electrode Axes on Implant Dose in Applied Materials E500 Medium Current Implanter
[IEEE] 2026-6-10 | DiffRouter: A Differentiable Routing Framework for UltraScale FPGAs
[IEEE] 2026-6-10 | Bidding Strategies for Multi-Type Charging Operators in Peak-Shaving Markets
[IEEE] 2026-6-10 | A Transfer Learning Modeling Framework Fusing Domain Knowledge and Its Application in District Heating Network
[IEEE] 2026-6-10 | Research on Integrated AC/DC Shore Power Supply based on DC Bus
[IEEE] 2026-6-10 | Correlation between particles and induced voids at the bonding interface
[IEEE] 2026-6-10 | A novel approach for controlling robotic eye movement using U-Net based model
[IEEE] 2026-6-10 | Research on Electric Field Distribution of Composite Insulators under Different Extreme Weather Conditions
[IEEE] 2026-6-10 | Intelligent Model for Identifying Defective Aircraft Parts
[IEEE] 2026-6-10 | Convolutional Estimation of Reactive Betweenness and Dependency from DC Load Flow Data
[IEEE] 2026-6-10 | Cu Via Resistance Failure Induced by CMP in Advanced Interconnects
[IEEE] 2026-6-10 | Compliant Magnetic Sensor Arrays Enable Real-Time Force Myogram Pattern Recognition for Dexterous Hand Control by Amputees
[IEEE] 2026-6-10 | An RGB-Event Hierarchical Fusion Enhancement Network for Object Detection
[IEEE] 2026-6-10 | Message Passing Based Bayesian Detection for Distributed Dual-Channel Passive MIMO Radar
[IEEE] 2026-6-10 | Transmission Cross Section of Electrically Large Dielectric Interface
[IEEE] 2026-6-10 | Optical Simulation &amp; Image Quality for Automotive Semantic Segmentation
[IEEE] 2026-6-10 | Manipulation of Deformable Objects with Soft Grippers Based on Adaptive Fuzzy Control and a Self-Supervised Feature Descriptor
[IEEE] 2026-6-10 | High-Performance Mid-Infrared Photodetector Based on WSe
                    <sub>2</sub>
                    /WTe
                    <sub>2</sub>
                    /WS
                    <sub>2</sub>
                    P-Type-Semimetal-N-Type Heterojunction
[IEEE] 2026-6-10 | DeGMix: Efficient Multi-Task Dense Prediction with Deformable and Gating Mixer
[IEEE] 2026-6-10 | Thermo-Mechanical Frequency Stability and Anisotropic Modeling of Carbon Fiber-Reinforced PETG Accelerometers for Additive Manufacturing
[IEEE] 2026-6-10 | Physically-Based Polarization Reflection Separation for Laser Stripe Extraction on Highly Reflective Metal Surfaces_supp2-3699730.mp4
[IEEE] 2026-6-10 | Adaptive Cross Section Optimization Method for Oversized Circular TE
                    <sub>01</sub>
                    -Mode Waveguide Bends
[IEEE] 2026-6-10 | RIS-Assisted Atomic MIMO Receiver
[IEEE] 2026-6-10 | LegoBot: Modular, Compact, Device-Agnostic Robot for Endovascular Catheter and Guidewire Manipulation in Stroke Thrombectomy
[IEEE] 2026-6-10 | A Blind Signal Detection Method Based on Constrained Dual-Cluster K-means for FSO Communications with Atmospheric Turbulence
[IEEE] 2026-6-10 | A Closed-Form Phase Design for RIS-Aided UCA-OAM Systems
[ACM] 2026-6-10 | Enhancing Privacy-Preserving Software Development from a Developers' Perspective: A Survey
[IEEE] 2026-6-10 | Wavelet-Domain Masked Image Modeling for Color-Consistent HDR Video Reconstruction
[IEEE] 2026-6-10 | ROBBO: An Efficient Method for Pareto Front Estimation With Guaranteed Accuracy
[IEEE] 2026-6-10 | Stray Current Mitigation With Reverse Running Rail Current Control Strategy for Virtual-Return-Based DC Traction Power Supply System
[IEEE] 2026-6-10 | A Data-Driven Algorithm for Indoor/Outdoor Detection Based on 3GPP MDT measures
[ACM] 2026-6-10 | The Complexity of Symmetric Bimatrix Games with Common Payoffs
[IEEE] 2026-6-10 | A Hierarchical Carbon Emission Factor Correction Method Considering Non-Grid-Connected Electricity
[IEEE] 2026-6-10 | System-Level Coordinated Control Model of Energy Storage Systems for Grid Security and Stability Analysis
[IEEE] 2026-6-10 | Photoacoustic signal from hemoglobin target
[IEEE] 2026-6-10 | Tyndall-Effect-Based Optical Monitoring of Micro-Plastic Pollution in Aquatic Environments
[IEEE] 2026-6-10 | Optimization Strategy for Micro Energy Grid Transactions in Multi-Level Energy Markets Based on Asymmetric Nash Bargaining
[IEEE] 2026-6-10 | Maintaining Lot Schedule Adherence through Overlapping Q-times via Admission Control
[IEEE] 2026-6-10 | Unload Clean Removal for Showerhead Pattern Defects Improvement
[IEEE] 2026-6-10 | A Data-driven Approach to Synergistic Resilient Assessment and Investment Optimization for Sustainable Operation of Island Power Grids
[IEEE] 2026-6-10 | Electronic Fratricide in Air Defence Operations While Countering Uas in Tactical Battle Areas
[IEEE] 2026-6-10 | Analysis and Prediction of Influencing Factors of Power Carbon Emissions in Guizhou Province Based on LMDI Decomposition and Multi-NAR Integrated Nonlinear Regression
[IEEE] 2026-6-10 | Study on Si-contamination in Developable BARC (DBARC) in High-K Metal Gate Process
[IEEE] 2026-6-10 | Intelligent Modeling for Deriving Human Lens Stiffness Based on Patients’ Demographic Features with Outcome in Phacoemulsification Surgery
共写入 100 条记录，保存到 papers/paper2026-06-10.json。
论文获取成功，文件路径: papers/paper2026-06-10.json
正在筛选、翻译并发送邮件...
[NO] 1/100 | LAM-MD: A Large Action Model Integrated Multi-Agent Reinforcement Learning Framework for NOMA Networks
[NO] 2/100 | Towards Sustainable Smart Cities with AGI-Enabled Cyber-Physical-Social-Thinking Systems: A Comprehensive Review
[NO] 3/100 | Table of Contents
[NO] 4/100 | A Dual-branch Network with Cross-scale Feature Interaction and Alignment for Weakly Supervised Whole Slide Image Analysis
[NO] 5/100 | Cross-Tracer Synthesis Model of
                    <sup>11</sup>
                    C-CFT and
                    <sup>18</sup>
                    F-DOPA PET Images from
                    <sup>18</sup>
                    F-FDG for Parkinson's Disease
[NO] 6/100 | Towards Wearable Sensor-based Human Activity Recognition: A Survey
[NO] 7/100 | Monitoring Agricultural Transformation and Its Impacts on Water Resources in the Gharb Plain, Morocco, Using Machine Learning and Remote Sensing
[NO] 8/100 | Enhancing Stability and Transient Response of LLC Resonant Converters Using a Reduced-Order Model with Pole-Zero Cancellation
[NO] 9/100 | Front Cover
[NO] 10/100 | Knowledge Graph-based Debiasing for Trustworthy Recommendation Systems
[NO] 11/100 | Extremum Seeking With Double Integrators in the Presence of Local Extrema
                    <sup>*</sup>
[NO] 12/100 | Copyright Page
[NO] 13/100 | Trustworthiness in Connected Autonomous Vehicles: Standards, Tradeoffs With Efficiency and Comfort, and Architectural Choices
[NO] 14/100 | Embodied Teaching for Powered Exoskeletons via Variance-Decomposed Impedance Learning
[NO] 15/100 | Satellite Optical Remote Sensing of Clouds and Aerosols: From Particle Single-Scattering and Gaseous Absorption Through Radiative Transfer to Retrieval Products
[NO] 16/100 | Fault Identification of Transmission Equipment Under Strong Convective Weather of Northeast Cold Vortex Based on Stochastic Configuration Networks
[NO] 17/100 | Enhancing Acoustics Education Through Experiential Learning: Implementation of an Impedance Tube for Teaching Sound Absorption in Materials
[NO] 18/100 | Enhancing Industrial Engineering Education through LEGO®-Based Simulation: A Hands-On Approach to Teaching Overall Equipment Effectiveness (OEE)
[NO] 19/100 | Selection of Meteorological Key Factors and an Interpretable Identification Method for Transmission Tower Collapse Risk under Severe Convective Weather
[NO] 20/100 | A Prediction model of wind and photovoltaic joint power considering multiple meteorological characteristics
[NO] 21/100 | TransDot: An Area-efficient Reconfigurable Floating-Point Unit for Trans-Precision Dot-Product Accumulation for FPGA AI Engines
[NO] 22/100 | Reconfigurable Computing Challenge: Deploying SmolVLA Model on an AMD XDNA NPU
[NO] 23/100 | Optimal Configuration Design of DC Collection and Transmission System of Large-Scale Offshore Wind-Solar Power Plant
[NO] 24/100 | Multi-Operator Image Resizing Using Saliency-Aware Seam Carving
[NO] 25/100 | Effect of Microfocused Ultrasound on the Rheological Properties of Crosslinked Hyaluronic Acid: An In Vitro Study
[NO] 26/100 | Bi-level Capacity Planning and Scheduling of Energy Storage Systems via Multi-Fidelity Quantile-Robust Bayesian Optimization
[NO] 27/100 | Consumable Qualification and Process Optimization in Oxide CMP via RPM-Driven Recipe Engineering
[NO] 28/100 | STI Silicon Etch Process Wafer Uniformity Improvement Using Out-of-Phase Coil Current and Motorized Radial Assembly Dial
[NO] 29/100 | AI-Driven Psychoeducational Analytics for Early Detection of Academic Risk in Colombian Schools
[NO] 30/100 | Promoting Research Skills in EDUNINE 2026 Doctoral Symposium
[NO] 31/100 | Unsupervised Deep Autoencoder-Based Clustering for mining the Metabolic Syndrome
[NO] 32/100 | Modeling analysis of thermal and stress behavior of energy storage cabin with sodium ion battery
[NO] 33/100 | Transdisciplinarity Between Leadership and Design in a Computer Science Undergraduate PjBL Course
[NO] 34/100 | A Novel Framework to Convert Public Source URLs to Cryptographic-Enabled API Key
[NO] 35/100 | Comprehensive DC Fault Characterization and Fast-Stabilizing Control Strategy for Bipolar Hybrid Cascaded MTDC Systems
[NO] 36/100 | A Multimodal Vision–Language Framework for Yield-Oriented and Explainable Wafer Defect Reasoning
[NO] 37/100 | A Non-Invasive Ensemble Learning Approach for the Diagnosis of Pancreatic Cancer
[NO] 38/100 | Imputation of Missing Data in IoT Using an MLP Neural Network Optimized by the GOA
[NO] 39/100 | Provincial-Level Short-Term Load Forecasting Using TimeXer with TCN and Gated Cross-Attention
[NO] 40/100 | Improving Reading Fluency in Elementary Students: The Role of ICT-Based Learning Tools
[NO] 41/100 | Combining Design Thinking and Product Development Tools to Promote Innovation in the Classroom
[NO] 42/100 | Random Forest-Based Identification of Defect-Causing Steps in Semiconductor WET Processes
[NO] 43/100 | Workshop: Fostering Quality Participation and Critical Thinking in Hybrid Classrooms with the Whytson App
[NO] 44/100 | Student Perceptions of Usefulness and Ease of Use of a Gamified Learning Platform in STEM Courses
[NO] 45/100 | Measuring Changes in Sustainability Knowledge: A Case Study of a Civil Engineering Course
[NO] 46/100 | Low-Precision POSIT Arithmetic for Spiking Neural Networks with Kahan Summation
[NO] 47/100 | Degradation-Aware Stochastic Sizing of Second-Life Battery Energy Storage System for Microgrids
[NO] 48/100 | Multi-objective Optimization Scheduling for Integrated Energy Systems Considering Exergy Efficiency and Stepped Carbon Trading
[NO] 49/100 | A Computationally Efficient Hierarchical MPC with Adaptive Horizon for Real-Time Electro-Thermal Control of IGBTs
[NO] 50/100 | Intention to Continue Using Information Technology in Accounting Information Systems–The Mediating Role of Information Technology Mindfulness
[NO] 51/100 | Integrating AI in Food Engineering Education: Raising Student Competencies in Market Research and Consumer-Driven Product Development
[NO] 52/100 | An MLP-Based Multi-Frequency Enhancement Long-term Prediction Model for Multivariate Load Forecasting
[NO] 53/100 | Research on Space Power Supply Technology Based on GaN Device
[NO] 54/100 | Upgrading LSTM-Attention to a Transformer Decoder for Image Captioning with Object and Visual Features
[NO] 55/100 | Interpretable Stacking Ensemble for Photovoltaic Power Forecasting under Extreme Low Irradiance
[NO] 56/100 | When Systolic Arrays Meet AI Engines: Architectural Constraints on AMD Versal ACAP
[NO] 57/100 | A Study on the Impact of Extraction Electrode Axes on Implant Dose in Applied Materials E500 Medium Current Implanter
[NO] 58/100 | DiffRouter: A Differentiable Routing Framework for UltraScale FPGAs
[NO] 59/100 | Bidding Strategies for Multi-Type Charging Operators in Peak-Shaving Markets
[NO] 60/100 | A Transfer Learning Modeling Framework Fusing Domain Knowledge and Its Application in District Heating Network
[NO] 61/100 | Research on Integrated AC/DC Shore Power Supply based on DC Bus
[NO] 62/100 | Correlation between particles and induced voids at the bonding interface
[NO] 63/100 | A novel approach for controlling robotic eye movement using U-Net based model
[NO] 64/100 | Research on Electric Field Distribution of Composite Insulators under Different Extreme Weather Conditions
[NO] 65/100 | Intelligent Model for Identifying Defective Aircraft Parts
[NO] 66/100 | Convolutional Estimation of Reactive Betweenness and Dependency from DC Load Flow Data
[NO] 67/100 | Cu Via Resistance Failure Induced by CMP in Advanced Interconnects
[NO] 68/100 | Compliant Magnetic Sensor Arrays Enable Real-Time Force Myogram Pattern Recognition for Dexterous Hand Control by Amputees
[NO] 69/100 | An RGB-Event Hierarchical Fusion Enhancement Network for Object Detection
[NO] 70/100 | Message Passing Based Bayesian Detection for Distributed Dual-Channel Passive MIMO Radar
[NO] 71/100 | Transmission Cross Section of Electrically Large Dielectric Interface
[NO] 72/100 | Optical Simulation &amp; Image Quality for Automotive Semantic Segmentation
[NO] 73/100 | Manipulation of Deformable Objects with Soft Grippers Based on Adaptive Fuzzy Control and a Self-Supervised Feature Descriptor
[NO] 74/100 | High-Performance Mid-Infrared Photodetector Based on WSe
                    <sub>2</sub>
                    /WTe
                    <sub>2</sub>
                    /WS
                    <sub>2</sub>
                    P-Type-Semimetal-N-Type Heterojunction
[NO] 75/100 | DeGMix: Efficient Multi-Task Dense Prediction with Deformable and Gating Mixer
[NO] 76/100 | Thermo-Mechanical Frequency Stability and Anisotropic Modeling of Carbon Fiber-Reinforced PETG Accelerometers for Additive Manufacturing
[NO] 77/100 | Physically-Based Polarization Reflection Separation for Laser Stripe Extraction on Highly Reflective Metal Surfaces_supp2-3699730.mp4
[NO] 78/100 | Adaptive Cross Section Optimization Method for Oversized Circular TE
                    <sub>01</sub>
                    -Mode Waveguide Bends
[YES] 79/100 | RIS-Assisted Atomic MIMO Receiver
[NO] 80/100 | LegoBot: Modular, Compact, Device-Agnostic Robot for Endovascular Catheter and Guidewire Manipulation in Stroke Thrombectomy
[NO] 81/100 | A Blind Signal Detection Method Based on Constrained Dual-Cluster K-means for FSO Communications with Atmospheric Turbulence
[YES] 82/100 | A Closed-Form Phase Design for RIS-Aided UCA-OAM Systems
[NO] 83/100 | Enhancing Privacy-Preserving Software Development from a Developers' Perspective: A Survey
[NO] 84/100 | Wavelet-Domain Masked Image Modeling for Color-Consistent HDR Video Reconstruction
[NO] 85/100 | ROBBO: An Efficient Method for Pareto Front Estimation With Guaranteed Accuracy
[NO] 86/100 | Stray Current Mitigation With Reverse Running Rail Current Control Strategy for Virtual-Return-Based DC Traction Power Supply System
[NO] 87/100 | A Data-Driven Algorithm for Indoor/Outdoor Detection Based on 3GPP MDT measures
[NO] 88/100 | The Complexity of Symmetric Bimatrix Games with Common Payoffs
[NO] 89/100 | A Hierarchical Carbon Emission Factor Correction Method Considering Non-Grid-Connected Electricity
[NO] 90/100 | System-Level Coordinated Control Model of Energy Storage Systems for Grid Security and Stability Analysis
[NO] 91/100 | Photoacoustic signal from hemoglobin target
[NO] 92/100 | Tyndall-Effect-Based Optical Monitoring of Micro-Plastic Pollution in Aquatic Environments
[NO] 93/100 | Optimization Strategy for Micro Energy Grid Transactions in Multi-Level Energy Markets Based on Asymmetric Nash Bargaining
[NO] 94/100 | Maintaining Lot Schedule Adherence through Overlapping Q-times via Admission Control
[NO] 95/100 | Unload Clean Removal for Showerhead Pattern Defects Improvement
[NO] 96/100 | A Data-driven Approach to Synergistic Resilient Assessment and Investment Optimization for Sustainable Operation of Island Power Grids
[NO] 97/100 | Electronic Fratricide in Air Defence Operations While Countering Uas in Tactical Battle Areas
[NO] 98/100 | Analysis and Prediction of Influencing Factors of Power Carbon Emissions in Guizhou Province Based on LMDI Decomposition and Multi-NAR Integrated Nonlinear Regression
[NO] 99/100 | Study on Si-contamination in Developable BARC (DBARC) in High-K Metal Gate Process
[NO] 100/100 | Intelligent Modeling for Deriving Human Lens Stiffness Based on Patients’ Demographic Features with Outcome in Phacoemulsification Surgery
筛选完成：共 100 篇；Yes = 2 篇；已保存到 papers/select_paper2026-06-10.json。
邮件发送成功！
[2026-06-11 12:55:21] 任务执行成功！
