[2026-07-13 11:55:31] 开始执行论文搜索任务
搜索关键词: ISAC
搜索日期范围: 2026-07-12
正在获取论文...
[ACM] 2026-7-13 | Speeding Up Write-Read Orders in Disaggregated Storage
[ACM] 2026-7-13 | Performance and Security in Userspace NVM File Systems through State Separation
[ACM] 2026-7-13 | Survey of GPU Acceleration in Acoustics and Audio Signal Processing
[ACM] 2026-7-13 | Accurate Models of NVIDIA Tensor Cores
[ACM] 2026-7-13 | Managing the Epistemic Fairness Paradox in AI-Augmented Research
[ACM] 2026-7-13 | Optimizing Multilinear Polynomial Representations of Boolean Functions for Neural Network Synthesis
共写入 6 条记录，保存到 papers/paper2026-07-12.json。
论文获取成功，文件路径: papers/paper2026-07-12.json
正在筛选、翻译并发送邮件...
[NO] 1/6 | Speeding Up Write-Read Orders in Disaggregated Storage
[NO] 2/6 | Performance and Security in Userspace NVM File Systems through State Separation
[NO] 3/6 | Survey of GPU Acceleration in Acoustics and Audio Signal Processing
[NO] 4/6 | Accurate Models of NVIDIA Tensor Cores
[NO] 5/6 | Managing the Epistemic Fairness Paradox in AI-Augmented Research
[NO] 6/6 | Optimizing Multilinear Polynomial Representations of Boolean Functions for Neural Network Synthesis
筛选完成：共 6 篇；Yes = 0 篇；已保存到 papers/select_paper2026-07-12.json。
邮件发送成功！
[2026-07-13 11:56:34] 任务执行成功！
