[2026-03-21 09:26:24] 开始执行论文搜索任务
搜索关键词: ISAC
搜索日期范围: 2026-03-20
正在获取论文...
[IEEE] 2026-3-20 | A Switching-like Dynamic Event-Triggered Sliding Mode Control for T-S Fuzzy Singular Markov Jump Systems under Hybrid Cyber-Attacks
[IEEE] 2026-3-20 | Homotopy-Guided Potential Games for Congestion-Aware Navigation_supp4-3675907.mp4
[IEEE] 2026-3-20 | Cosmos-Surg-dVRK: World Foundation Model-based Automated Online Evaluation of Surgical Robot Policy Learning_supp1-3675962.mp4
[IEEE] 2026-3-20 | A Framework for Predictive Similarity Queries Over Heterogeneous Metric Spaces
[IEEE] 2026-3-20 | 2025 Message from the General Co-chairs
[ACM] 2026-3-20 | AI Multiplies for Drug Discovery
[ACM] 2026-3-20 | SWSC: Compressing Large Language Models via Sharing Weights for Similar Channels
[ACM] 2026-3-20 | Echoes of Leadership : A Natural Language Processing Analysis of the Presidents of The United States of America
[ACM] 2026-3-20 | Empirical Evaluation of CO₂ Emissions in BERT Fine-tuning.
[ACM] 2026-3-20 | Introduction to the Special Issue on Machine Learning for CAD, Part I
[ACM] 2026-3-20 | Integrative Feature Extraction from Protein Sequences for Predicting Protein - Protein Interactions
[ACM] 2026-3-20 | Optimizing Fine-Tuning through Advanced Initialization Strategies for Low-Rank Adaptation
[ACM] 2026-3-20 | Flow-based Latent Transformation Network for Identity-Aware Latent Translation of Upper Arch Tooth Point Clouds
[ACM] 2026-3-20 | Defining the Usability of Digital Forensics in Criminal Proceedings: Reconciling the Technical and the Legal Sides
[IEEE] 2026-3-20 | A Spatio-Temporal Hierarchical Diffusion Framework for Training-Free Perceptual Remote Sensing Image Compression_supp1-3675642.pdf
[IEEE] 2026-3-20 | IEEE Industrial Electronics Society Distinguished Lecture by Prof. Udaya K. Madawala in Macao, China [Society News]
[IEEE] 2026-3-20 | IES Industry Forum 2025: Connecting Innovation, Industry and Impact [News in Industry Activities]
[IEEE] 2026-3-20 | CNNGP: Multi-tree Genetic Programming Integrating Pre-trained CNN Features for Fine-Grained Image Classification_supp1-3675672.pdf
[IEEE] 2026-3-20 | Multi-Scale Fully-Connected Tensor Network Decomposition with NSST Guidance for Thick Cloud Removal
[IEEE] 2026-3-20 | Design and Evaluation of a User Mental Model Driven Interface for Thermostatic Milk Warmers_supp4-3675743.pdf
[IEEE] 2026-3-20 | Diagnosis of Open-Circuit Faults in Single-Phase Three-Level Rectifiers Under Unknown Parameter Using VDFRLS and Discrete Adaptive Sliding Mode Observer
[IEEE] 2026-3-20 | Pulse Compression for Long Spread Spectrum Signals Application in Air-Coupled Ultrasonic Thickness Resonance Spectroscopy
[IEEE] 2026-3-20 | Robust and Scalable Deep Learning Architecture for NFC-Based Physical Layer Security in Dynamic Wireless Environments
[IEEE] 2026-3-20 | Explainability-Driven Autonomous AI Agents for Multi-Domain Applications
[IEEE] 2026-3-20 | SLM-Fusion: A Unified Framework for Model Merging, Routing, and Multi-Model Orchestration
[IEEE] 2026-3-20 | Residual U-Net: An Enhanced Attention Mechanism for Segmentation of Retinal Lesions
[IEEE] 2026-3-20 | Explainable Deep Learning for Skin Disease Detection: From Black-Box to Trustworthy AI in Healthcare
[IEEE] 2026-3-20 | Optimization of Energy Storage Capacity Allocation in Island Microgrids Considering Wind and PV Unit Operating Conditions
[IEEE] 2026-3-20 | An Improved CEEMDAN-Based Signal Denoising Method for Wide-Band Oscillation
[IEEE] 2026-3-20 | Unit Clustering and Cluster-Based Dispatch Methodology for Long-Term Time-Sequential Production Simulation Considering UHVDC Outbound Transmission
[IEEE] 2026-3-20 | PredictHealthCore: A Multi-Modal Framework for Disease Prediction Using Integrative Healthcare Data Analytics
[IEEE] 2026-3-20 | Optimizing Deployment of Unstructured Group Convolutions for Low Latency Inference
[IEEE] 2026-3-20 | A Low Voltage Ride-Through Control Strategy for Two-Stage Grid-Connected Photovoltaic Systems Under Asymmetrical Faults
[IEEE] 2026-3-20 | Regional Coordinated Scheduling of Differentiated Electric Vehicle Charging Loads Based on Multi-Station Optimization
[IEEE] 2026-3-20 | Research on Fault State Analysis and Fault-Tolerant Strategy for Dual Active Bridge Converters
[IEEE] 2026-3-20 | Fault Ride-Through Strategy of PV-Storage System with VSG Current Limiting Control
[IEEE] 2026-3-20 | Research on the Error Characteristics of 500kV Capacitive Voltage Transformers Under Typical Insulation Faults
[IEEE] 2026-3-20 | Network Usage Charge Design for Peer-to-Peer Transactions Considering Network Constraints
[IEEE] 2026-3-20 | Fixed-Frequency Model Predictive Control with Duty Cycle Optimization for Three-Level Gridconnected Converters
[ACM] 2026-3-20 | Software Rapid Application Development (RAD) for Web Application Generation and Web-Programming Learning Support at a University in Lima
[ACM] 2026-3-20 | Scalable Deep Learning for High-Fidelity Imputation of Large-Scale Genomic Fragments
[ACM] 2026-3-20 | Beyond Human-Like AI: The Impact of Non-Human Chatbot Design on Loneliness in Women with High Autistic Traits
[ACM] 2026-3-20 | An Enhanced END-Based Watermarking System with Adaptive Strength and Attention for Robustness and Imperceptibility
[ACM] 2026-3-20 | Research on the Digital Transformation of Decision Support Meteorological Service
[ACM] 2026-3-20 | A Survey of Adversarial Attacks on Visible-Infrared Object Tracking: Foundation Models and Cross-Modal Security Challenges
[ACM] 2026-3-20 | LEARNPHY: PROGRESSIVE HINTS TO INCENTIVIZE MODEL LEARNING FOR OLYMPIAD PHYSICS
[ACM] 2026-3-20 | A Multimodal Diagnostic Model for Acute Abdominal Diseases: Integrating Structured Laboratory Data and Unstructured Clinical Narratives
[ACM] 2026-3-20 | DualRefine-Net: Lightweight Dual-Stream Network with Global-Aware Feature Refinement, Residual Learning, and Orthogonal Softmax for Lung Cancer Diagnosis
[IEEE] 2026-3-20 | Analysis of Forced Convection Heat Transfer for Bipolar MVDC Power Cable Envisaged for Wide-Body All-Electric Aircraft
[IEEE] 2026-3-20 | DARENet: A Direction-Aware Road Extraction Method for Satellite Imagery
[IEEE] 2026-3-20 | Robustness-Guaranteed Reinforcement Learning under Uncertainties in Dynamics Modeling and State Estimates
[IEEE] 2026-3-20 | Diffusion Augmented Data for Inertial-Based Quadrotor Positioning
[IEEE] 2026-3-20 | Masthead
[IEEE] 2026-3-20 | IEEE CS Call for Papers
[IEEE] 2026-3-20 | IES Industry Forum 2025 Fall Series [News in Industry Activities]
[IEEE] 2026-3-20 | A Low-Slow-Small UAV Radar target Recognition method Based on Point-Track feature Analysis and Multi-feature Fusion
[IEEE] 2026-3-20 | DI-SESCINet: A Domain-Invariant Squeeze-and-Excitation SCI Network for Robotic Surgical Task Classification
[IEEE] 2026-3-20 | Spatial-Frequency Feature Fusion: A Novel Deep Learning Architecture for Diabetic Wound Recovery
[IEEE] 2026-3-20 | Cost Minimization in Energy Communities with Multi-Agent Deep Reinforcement Learning and Linear Programming
[IEEE] 2026-3-20 | Dynamic Resistance Investigation of HTS Coated Conductors Carrying a Direct Current Exposed to Pulsed Magnetic Field
[IEEE] 2026-3-20 | RL-Augmented MPC for Non-Gaited Legged and Hybrid Locomotion_supp1-3675839.mp4
[ACM] 2026-3-20 | Demonstrating SIMAplay: A Serious Game for Forest Management Decision-Making through Board Game and Digital Simulation
[IEEE] 2026-3-20 | Smart Radiology System: Pneumonia Identification through a VGG16-Enhanced CNN Model
[IEEE] 2026-3-20 | CALL: Context-Aware Low-Latency Retrieval in Disk-Based Vector Databases
[IEEE] 2026-3-20 | ZeroRush: Iot-Based Motorbike Monitoring with Helmet Detection and Eco-Safe Driving Score Using Adaptive Penalty Scoring Method
[IEEE] 2026-3-20 | Malaria Detection with ML classifiers and Custom CNN using LBP Feature Extraction
[IEEE] 2026-3-20 | A GAN-Based Data Augmentation Method for Imbalanced Multi-Class Skin Lesion Classification
[IEEE] 2026-3-20 | Scalable XML Parsing and XPath Querying with Regular Expression Support
[IEEE] 2026-3-20 | Lyapunov-Based Feasibility Recovery for Carbon-Aware Optimal Power Flow
[IEEE] 2026-3-20 | A Robust Hierarchical Control Strategy for Microgrids Considering Controller Soft Faults
[IEEE] 2026-3-20 | Electric Field Sensor with High Sensitivity via Dielectric Self-Assembly Enhancement
[IEEE] 2026-3-20 | Electro-Thermal Coupling Calculation in Submarine Cables: A Method Based on Fiber-Optic Temperature Monitoring and Analysis of its Accuracy Determinants
[IEEE] 2026-3-20 | Day-ahead Real-time Optimal Operation Method for Distribution Grid Based on Supply-Demand Bilateral Cooperative Dispatch
[IEEE] 2026-3-20 | An Energy Management Framework for VPP based on a Dynamic Price Incentive Algorithm
[ACM] 2026-3-20 | Keys in Flux: A Forensic Perspective on Implementation Diversity in Cryptographic Protocols
[ACM] 2026-3-20 | A Method for Predicting Performance Degradation of Silver-Zinc Batteries Based on GRU Neural Network
[IEEE] 2026-3-20 | Hybrid CMOS Inverter with 519 V/V Gain Based on Highly Stable LTPS p-TFT and IGZO n-TFT
[IEEE] 2026-3-20 | Performance Enhancement of ISFETs in Standard CMOS Technology Using Anti-Reflection Coating as Ion-Sensitive Layer and FLOTOX Tunnel Devices
[IEEE] 2026-3-20 | Trust under Attack: Environment Perturbation-Based Attacks on Trust-Aware Human-Robot Collaboration_supp1-3675732.pdf
[IEEE] 2026-3-20 | Distributed Online Constrained Convex Optimization With Compressed Communication
[IEEE] 2026-3-20 | A Single-Layer Frequency Reconfigurable Filtering Antenna Utilizing Triple-Mode Resonance for High-Density RF Front-Ends
[IEEE] 2026-3-20 | Toward Multi-Functional LAWNs With ISAC: Opportunities, Challenges, and the Road Ahead
[IEEE] 2026-3-20 | A Game of Replay Attack With an Age of Information Perspective
[IEEE] 2026-3-20 | Multilevel Bipolar Pulse-Position Modulation with Level Trimming for Graphene-Based Terahertz Wireless Network-on-Chips
[IEEE] 2026-3-20 | Copyright Page
[ACM] 2026-3-20 | Generative Social Choice
[IEEE] 2026-3-20 | Junction Box Wiring Detection Method Based on WSD-YOLO11s
[IEEE] 2026-3-20 | Machine Learning for Reignition and Restrike of AC Breakers Under Sparse Samples
[IEEE] 2026-3-20 | Design and Verification of Digital Driving System for Vibrating Tube Densimeter with Parallel Dual Straight-Tube
[IEEE] 2026-3-20 | Analysis of Absorption Capacity of Distributed Renewable Energy Under Virtual Power Plants
[IEEE] 2026-3-20 | Design of Programmable Radio Frequency Multi-Chip Phase Synchronization Circuit
[IEEE] 2026-3-20 | Electron Density Correction in Plasma Time-Sequence Using a Cluster-Based Algorithm
[IEEE] 2026-3-20 | Harmonic Mitigation Methods Applied to Wind Power Plants
[IEEE] 2026-3-20 | A Low Switching Frequency Model Predictive Torque Control for SPMSMs
[IEEE] 2026-3-20 | XDRSN-BiLSTM Based Tool Wear Prediction Method for CNC Milling Machines
[IEEE] 2026-3-20 | Enhancing the Dermoscopic Image Clarity through Hair Segmentation and Removal Using Deep Learning Techniques
[IEEE] 2026-3-20 | Leveraging Pre-trained CNN Models for Handwritten Digit Recognition: A Comparison of ANN, ResNet-50 and VGG16
[IEEE] 2026-3-20 | AI-Powered Kidney Health: A Deep Neural Architecture for Chronic Kidney Disease Recognition and Prognosis
[ACM] 2026-3-20 | AIGC: From Statistical Methods to Cognitive Applications
[ACM] 2026-3-20 | Enhancing Healthcare Delivery through a Centralized Real-Time eHealth System for the City of Tanauan, Batangas
共写入 100 条记录，保存到 papers/paper2026-03-20.json。
论文获取成功，文件路径: papers/paper2026-03-20.json
正在筛选、翻译并发送邮件...
[NO] 1/100 | A Switching-like Dynamic Event-Triggered Sliding Mode Control for T-S Fuzzy Singular Markov Jump Systems under Hybrid Cyber-Attacks
[NO] 2/100 | Homotopy-Guided Potential Games for Congestion-Aware Navigation_supp4-3675907.mp4
[NO] 3/100 | Cosmos-Surg-dVRK: World Foundation Model-based Automated Online Evaluation of Surgical Robot Policy Learning_supp1-3675962.mp4
[NO] 4/100 | A Framework for Predictive Similarity Queries Over Heterogeneous Metric Spaces
[NO] 5/100 | 2025 Message from the General Co-chairs
[NO] 6/100 | AI Multiplies for Drug Discovery
[NO] 7/100 | SWSC: Compressing Large Language Models via Sharing Weights for Similar Channels
[NO] 8/100 | Echoes of Leadership : A Natural Language Processing Analysis of the Presidents of The United States of America
[NO] 9/100 | Empirical Evaluation of CO₂ Emissions in BERT Fine-tuning.
[NO] 10/100 | Introduction to the Special Issue on Machine Learning for CAD, Part I
[NO] 11/100 | Integrative Feature Extraction from Protein Sequences for Predicting Protein - Protein Interactions
[NO] 12/100 | Optimizing Fine-Tuning through Advanced Initialization Strategies for Low-Rank Adaptation
[NO] 13/100 | Flow-based Latent Transformation Network for Identity-Aware Latent Translation of Upper Arch Tooth Point Clouds
[NO] 14/100 | Defining the Usability of Digital Forensics in Criminal Proceedings: Reconciling the Technical and the Legal Sides
[NO] 15/100 | A Spatio-Temporal Hierarchical Diffusion Framework for Training-Free Perceptual Remote Sensing Image Compression_supp1-3675642.pdf
[NO] 16/100 | IEEE Industrial Electronics Society Distinguished Lecture by Prof. Udaya K. Madawala in Macao, China [Society News]
[NO] 17/100 | IES Industry Forum 2025: Connecting Innovation, Industry and Impact [News in Industry Activities]
[NO] 18/100 | CNNGP: Multi-tree Genetic Programming Integrating Pre-trained CNN Features for Fine-Grained Image Classification_supp1-3675672.pdf
[NO] 19/100 | Multi-Scale Fully-Connected Tensor Network Decomposition with NSST Guidance for Thick Cloud Removal
[NO] 20/100 | Design and Evaluation of a User Mental Model Driven Interface for Thermostatic Milk Warmers_supp4-3675743.pdf
[NO] 21/100 | Diagnosis of Open-Circuit Faults in Single-Phase Three-Level Rectifiers Under Unknown Parameter Using VDFRLS and Discrete Adaptive Sliding Mode Observer
[NO] 22/100 | Pulse Compression for Long Spread Spectrum Signals Application in Air-Coupled Ultrasonic Thickness Resonance Spectroscopy
[YES] 23/100 | Robust and Scalable Deep Learning Architecture for NFC-Based Physical Layer Security in Dynamic Wireless Environments
[NO] 24/100 | Explainability-Driven Autonomous AI Agents for Multi-Domain Applications
[NO] 25/100 | SLM-Fusion: A Unified Framework for Model Merging, Routing, and Multi-Model Orchestration
[NO] 26/100 | Residual U-Net: An Enhanced Attention Mechanism for Segmentation of Retinal Lesions
[NO] 27/100 | Explainable Deep Learning for Skin Disease Detection: From Black-Box to Trustworthy AI in Healthcare
[NO] 28/100 | Optimization of Energy Storage Capacity Allocation in Island Microgrids Considering Wind and PV Unit Operating Conditions
[NO] 29/100 | An Improved CEEMDAN-Based Signal Denoising Method for Wide-Band Oscillation
[NO] 30/100 | Unit Clustering and Cluster-Based Dispatch Methodology for Long-Term Time-Sequential Production Simulation Considering UHVDC Outbound Transmission
[NO] 31/100 | PredictHealthCore: A Multi-Modal Framework for Disease Prediction Using Integrative Healthcare Data Analytics
[NO] 32/100 | Optimizing Deployment of Unstructured Group Convolutions for Low Latency Inference
[NO] 33/100 | A Low Voltage Ride-Through Control Strategy for Two-Stage Grid-Connected Photovoltaic Systems Under Asymmetrical Faults
[NO] 34/100 | Regional Coordinated Scheduling of Differentiated Electric Vehicle Charging Loads Based on Multi-Station Optimization
[NO] 35/100 | Research on Fault State Analysis and Fault-Tolerant Strategy for Dual Active Bridge Converters
[NO] 36/100 | Fault Ride-Through Strategy of PV-Storage System with VSG Current Limiting Control
[NO] 37/100 | Research on the Error Characteristics of 500kV Capacitive Voltage Transformers Under Typical Insulation Faults
[NO] 38/100 | Network Usage Charge Design for Peer-to-Peer Transactions Considering Network Constraints
[NO] 39/100 | Fixed-Frequency Model Predictive Control with Duty Cycle Optimization for Three-Level Gridconnected Converters
[NO] 40/100 | Software Rapid Application Development (RAD) for Web Application Generation and Web-Programming Learning Support at a University in Lima
[NO] 41/100 | Scalable Deep Learning for High-Fidelity Imputation of Large-Scale Genomic Fragments
[NO] 42/100 | Beyond Human-Like AI: The Impact of Non-Human Chatbot Design on Loneliness in Women with High Autistic Traits
[NO] 43/100 | An Enhanced END-Based Watermarking System with Adaptive Strength and Attention for Robustness and Imperceptibility
[NO] 44/100 | Research on the Digital Transformation of Decision Support Meteorological Service
[NO] 45/100 | A Survey of Adversarial Attacks on Visible-Infrared Object Tracking: Foundation Models and Cross-Modal Security Challenges
[NO] 46/100 | LEARNPHY: PROGRESSIVE HINTS TO INCENTIVIZE MODEL LEARNING FOR OLYMPIAD PHYSICS
[NO] 47/100 | A Multimodal Diagnostic Model for Acute Abdominal Diseases: Integrating Structured Laboratory Data and Unstructured Clinical Narratives
[NO] 48/100 | DualRefine-Net: Lightweight Dual-Stream Network with Global-Aware Feature Refinement, Residual Learning, and Orthogonal Softmax for Lung Cancer Diagnosis
[NO] 49/100 | Analysis of Forced Convection Heat Transfer for Bipolar MVDC Power Cable Envisaged for Wide-Body All-Electric Aircraft
[NO] 50/100 | DARENet: A Direction-Aware Road Extraction Method for Satellite Imagery
[NO] 51/100 | Robustness-Guaranteed Reinforcement Learning under Uncertainties in Dynamics Modeling and State Estimates
[NO] 52/100 | Diffusion Augmented Data for Inertial-Based Quadrotor Positioning
[NO] 53/100 | Masthead
[NO] 54/100 | IEEE CS Call for Papers
[NO] 55/100 | IES Industry Forum 2025 Fall Series [News in Industry Activities]
[NO] 56/100 | A Low-Slow-Small UAV Radar target Recognition method Based on Point-Track feature Analysis and Multi-feature Fusion
[NO] 57/100 | DI-SESCINet: A Domain-Invariant Squeeze-and-Excitation SCI Network for Robotic Surgical Task Classification
[NO] 58/100 | Spatial-Frequency Feature Fusion: A Novel Deep Learning Architecture for Diabetic Wound Recovery
[NO] 59/100 | Cost Minimization in Energy Communities with Multi-Agent Deep Reinforcement Learning and Linear Programming
[NO] 60/100 | Dynamic Resistance Investigation of HTS Coated Conductors Carrying a Direct Current Exposed to Pulsed Magnetic Field
[NO] 61/100 | RL-Augmented MPC for Non-Gaited Legged and Hybrid Locomotion_supp1-3675839.mp4
[NO] 62/100 | Demonstrating SIMAplay: A Serious Game for Forest Management Decision-Making through Board Game and Digital Simulation
[NO] 63/100 | Smart Radiology System: Pneumonia Identification through a VGG16-Enhanced CNN Model
[NO] 64/100 | CALL: Context-Aware Low-Latency Retrieval in Disk-Based Vector Databases
[NO] 65/100 | ZeroRush: Iot-Based Motorbike Monitoring with Helmet Detection and Eco-Safe Driving Score Using Adaptive Penalty Scoring Method
[NO] 66/100 | Malaria Detection with ML classifiers and Custom CNN using LBP Feature Extraction
[NO] 67/100 | A GAN-Based Data Augmentation Method for Imbalanced Multi-Class Skin Lesion Classification
[NO] 68/100 | Scalable XML Parsing and XPath Querying with Regular Expression Support
[NO] 69/100 | Lyapunov-Based Feasibility Recovery for Carbon-Aware Optimal Power Flow
[NO] 70/100 | A Robust Hierarchical Control Strategy for Microgrids Considering Controller Soft Faults
[NO] 71/100 | Electric Field Sensor with High Sensitivity via Dielectric Self-Assembly Enhancement
[NO] 72/100 | Electro-Thermal Coupling Calculation in Submarine Cables: A Method Based on Fiber-Optic Temperature Monitoring and Analysis of its Accuracy Determinants
[NO] 73/100 | Day-ahead Real-time Optimal Operation Method for Distribution Grid Based on Supply-Demand Bilateral Cooperative Dispatch
[NO] 74/100 | An Energy Management Framework for VPP based on a Dynamic Price Incentive Algorithm
[NO] 75/100 | Keys in Flux: A Forensic Perspective on Implementation Diversity in Cryptographic Protocols
[NO] 76/100 | A Method for Predicting Performance Degradation of Silver-Zinc Batteries Based on GRU Neural Network
[NO] 77/100 | Hybrid CMOS Inverter with 519 V/V Gain Based on Highly Stable LTPS p-TFT and IGZO n-TFT
[NO] 78/100 | Performance Enhancement of ISFETs in Standard CMOS Technology Using Anti-Reflection Coating as Ion-Sensitive Layer and FLOTOX Tunnel Devices
[NO] 79/100 | Trust under Attack: Environment Perturbation-Based Attacks on Trust-Aware Human-Robot Collaboration_supp1-3675732.pdf
[NO] 80/100 | Distributed Online Constrained Convex Optimization With Compressed Communication
[NO] 81/100 | A Single-Layer Frequency Reconfigurable Filtering Antenna Utilizing Triple-Mode Resonance for High-Density RF Front-Ends
[YES] 82/100 | Toward Multi-Functional LAWNs With ISAC: Opportunities, Challenges, and the Road Ahead
[YES] 83/100 | A Game of Replay Attack With an Age of Information Perspective
[NO] 84/100 | Multilevel Bipolar Pulse-Position Modulation with Level Trimming for Graphene-Based Terahertz Wireless Network-on-Chips
[NO] 85/100 | Copyright Page
[NO] 86/100 | Generative Social Choice
[NO] 87/100 | Junction Box Wiring Detection Method Based on WSD-YOLO11s
[NO] 88/100 | Machine Learning for Reignition and Restrike of AC Breakers Under Sparse Samples
[NO] 89/100 | Design and Verification of Digital Driving System for Vibrating Tube Densimeter with Parallel Dual Straight-Tube
[NO] 90/100 | Analysis of Absorption Capacity of Distributed Renewable Energy Under Virtual Power Plants
[NO] 91/100 | Design of Programmable Radio Frequency Multi-Chip Phase Synchronization Circuit
[NO] 92/100 | Electron Density Correction in Plasma Time-Sequence Using a Cluster-Based Algorithm
[NO] 93/100 | Harmonic Mitigation Methods Applied to Wind Power Plants
[NO] 94/100 | A Low Switching Frequency Model Predictive Torque Control for SPMSMs
[NO] 95/100 | XDRSN-BiLSTM Based Tool Wear Prediction Method for CNC Milling Machines
[NO] 96/100 | Enhancing the Dermoscopic Image Clarity through Hair Segmentation and Removal Using Deep Learning Techniques
[NO] 97/100 | Leveraging Pre-trained CNN Models for Handwritten Digit Recognition: A Comparison of ANN, ResNet-50 and VGG16
[NO] 98/100 | AI-Powered Kidney Health: A Deep Neural Architecture for Chronic Kidney Disease Recognition and Prognosis
[NO] 99/100 | AIGC: From Statistical Methods to Cognitive Applications
[NO] 100/100 | Enhancing Healthcare Delivery through a Centralized Real-Time eHealth System for the City of Tanauan, Batangas
筛选完成：共 100 篇；Yes = 3 篇；已保存到 papers/select_paper2026-03-20.json。
邮件发送成功！
[2026-03-21 09:41:48] 任务执行成功！
